This file contains any messages produced by compilers while
running configure, to aid debugging if configure makes a mistake.

It was created by libusb-1.0 configure 1.0.27, which was
generated by GNU Autoconf 2.71.  Invocation command line was

  $ ./configure --enable-examples-build --enable-tests-build

## --------- ##
## Platform. ##
## --------- ##

hostname = sony
uname -m = x86_64
uname -r = 6.5.0-41-generic
uname -s = Linux
uname -v = #41~22.04.2-Ubuntu SMP PREEMPT_DYNAMIC Mon Jun  3 11:32:55 UTC 2

/usr/bin/uname -p = x86_64
/bin/uname -X     = unknown

/bin/arch              = x86_64
/usr/bin/arch -k       = unknown
/usr/convex/getsysinfo = unknown
/usr/bin/hostinfo      = unknown
/bin/machine           = unknown
/usr/bin/oslevel       = unknown
/bin/universe          = unknown

PATH: /usr/local/sbin/
PATH: /usr/local/bin/
PATH: /usr/sbin/
PATH: /usr/bin/
PATH: /sbin/
PATH: /bin/
PATH: /usr/games/
PATH: /usr/local/games/
PATH: /snap/bin/
PATH: /snap/bin/


## ----------- ##
## Core tests. ##
## ----------- ##

configure:2879: looking for aux files: config.guess config.sub ltmain.sh missing install-sh compile
configure:2892:  trying ./
configure:2921:   ./config.guess found
configure:2921:   ./config.sub found
configure:2921:   ./ltmain.sh found
configure:2921:   ./missing found
configure:2903:   ./install-sh found
configure:2921:   ./compile found
configure:3098: checking for gcc
configure:3119: found /usr/bin/gcc
configure:3130: result: gcc
configure:3483: checking for C compiler version
configure:3492: gcc --version >&5
gcc (Ubuntu 11.4.0-1ubuntu1~22.04) 11.4.0
Copyright (C) 2021 Free Software Foundation, Inc.
This is free software; see the source for copying conditions.  There is NO
warranty; not even for MERCHANTABILITY or FITNESS FOR A PARTICULAR PURPOSE.

configure:3503: $? = 0
configure:3492: gcc -v >&5
Using built-in specs.
COLLECT_GCC=gcc
COLLECT_LTO_WRAPPER=/usr/lib/gcc/x86_64-linux-gnu/11/lto-wrapper
OFFLOAD_TARGET_NAMES=nvptx-none:amdgcn-amdhsa
OFFLOAD_TARGET_DEFAULT=1
Target: x86_64-linux-gnu
Configured with: ../src/configure -v --with-pkgversion='Ubuntu 11.4.0-1ubuntu1~22.04' --with-bugurl=file:///usr/share/doc/gcc-11/README.Bugs --enable-languages=c,ada,c++,go,brig,d,fortran,objc,obj-c++,m2 --prefix=/usr --with-gcc-major-version-only --program-suffix=-11 --program-prefix=x86_64-linux-gnu- --enable-shared --enable-linker-build-id --libexecdir=/usr/lib --without-included-gettext --enable-threads=posix --libdir=/usr/lib --enable-nls --enable-bootstrap --enable-clocale=gnu --enable-libstdcxx-debug --enable-libstdcxx-time=yes --with-default-libstdcxx-abi=new --enable-gnu-unique-object --disable-vtable-verify --enable-plugin --enable-default-pie --with-system-zlib --enable-libphobos-checking=release --with-target-system-zlib=auto --enable-objc-gc=auto --enable-multiarch --disable-werror --enable-cet --with-arch-32=i686 --with-abi=m64 --with-multilib-list=m32,m64,mx32 --enable-multilib --with-tune=generic --enable-offload-targets=nvptx-none=/build/gcc-11-XeT9lY/gcc-11-11.4.0/debian/tmp-nvptx/usr,amdgcn-amdhsa=/build/gcc-11-XeT9lY/gcc-11-11.4.0/debian/tmp-gcn/usr --without-cuda-driver --enable-checking=release --build=x86_64-linux-gnu --host=x86_64-linux-gnu --target=x86_64-linux-gnu --with-build-config=bootstrap-lto-lean --enable-link-serialization=2
Thread model: posix
Supported LTO compression algorithms: zlib zstd
gcc version 11.4.0 (Ubuntu 11.4.0-1ubuntu1~22.04) 
... rest of stderr output deleted ...
configure:3503: $? = 0
configure:3492: gcc -V >&5
gcc: error: unrecognized command-line option '-V'
gcc: fatal error: no input files
compilation terminated.
configure:3503: $? = 1
configure:3492: gcc -qversion >&5
gcc: error: unrecognized command-line option '-qversion'; did you mean '--version'?
gcc: fatal error: no input files
compilation terminated.
configure:3503: $? = 1
configure:3492: gcc -version >&5
gcc: error: unrecognized command-line option '-version'
gcc: fatal error: no input files
compilation terminated.
configure:3503: $? = 1
configure:3523: checking whether the C compiler works
configure:3545: gcc    conftest.c  >&5
configure:3549: $? = 0
configure:3599: result: yes
configure:3602: checking for C compiler default output file name
configure:3604: result: a.out
configure:3610: checking for suffix of executables
configure:3617: gcc -o conftest    conftest.c  >&5
configure:3621: $? = 0
configure:3644: result: 
configure:3666: checking whether we are cross compiling
configure:3674: gcc -o conftest    conftest.c  >&5
configure:3678: $? = 0
configure:3685: ./conftest
configure:3689: $? = 0
configure:3704: result: no
configure:3709: checking for suffix of object files
configure:3732: gcc -c   conftest.c >&5
configure:3736: $? = 0
configure:3758: result: o
configure:3762: checking whether the compiler supports GNU C
configure:3782: gcc -c   conftest.c >&5
configure:3782: $? = 0
configure:3792: result: yes
configure:3803: checking whether gcc accepts -g
configure:3824: gcc -c -g  conftest.c >&5
configure:3824: $? = 0
configure:3868: result: yes
configure:3888: checking for gcc option to enable C11 features
configure:3903: gcc  -c -g -O2  conftest.c >&5
configure:3903: $? = 0
configure:3921: result: none needed
configure:4042: checking whether gcc understands -c and -o together
configure:4065: gcc -c conftest.c -o conftest2.o
configure:4068: $? = 0
configure:4065: gcc -c conftest.c -o conftest2.o
configure:4068: $? = 0
configure:4080: result: yes
configure:4166: checking for g++
configure:4187: found /usr/bin/g++
configure:4198: result: g++
configure:4225: checking for C++ compiler version
configure:4234: g++ --version >&5
g++ (Ubuntu 11.4.0-1ubuntu1~22.04) 11.4.0
Copyright (C) 2021 Free Software Foundation, Inc.
This is free software; see the source for copying conditions.  There is NO
warranty; not even for MERCHANTABILITY or FITNESS FOR A PARTICULAR PURPOSE.

configure:4245: $? = 0
configure:4234: g++ -v >&5
Using built-in specs.
COLLECT_GCC=g++
COLLECT_LTO_WRAPPER=/usr/lib/gcc/x86_64-linux-gnu/11/lto-wrapper
OFFLOAD_TARGET_NAMES=nvptx-none:amdgcn-amdhsa
OFFLOAD_TARGET_DEFAULT=1
Target: x86_64-linux-gnu
Configured with: ../src/configure -v --with-pkgversion='Ubuntu 11.4.0-1ubuntu1~22.04' --with-bugurl=file:///usr/share/doc/gcc-11/README.Bugs --enable-languages=c,ada,c++,go,brig,d,fortran,objc,obj-c++,m2 --prefix=/usr --with-gcc-major-version-only --program-suffix=-11 --program-prefix=x86_64-linux-gnu- --enable-shared --enable-linker-build-id --libexecdir=/usr/lib --without-included-gettext --enable-threads=posix --libdir=/usr/lib --enable-nls --enable-bootstrap --enable-clocale=gnu --enable-libstdcxx-debug --enable-libstdcxx-time=yes --with-default-libstdcxx-abi=new --enable-gnu-unique-object --disable-vtable-verify --enable-plugin --enable-default-pie --with-system-zlib --enable-libphobos-checking=release --with-target-system-zlib=auto --enable-objc-gc=auto --enable-multiarch --disable-werror --enable-cet --with-arch-32=i686 --with-abi=m64 --with-multilib-list=m32,m64,mx32 --enable-multilib --with-tune=generic --enable-offload-targets=nvptx-none=/build/gcc-11-XeT9lY/gcc-11-11.4.0/debian/tmp-nvptx/usr,amdgcn-amdhsa=/build/gcc-11-XeT9lY/gcc-11-11.4.0/debian/tmp-gcn/usr --without-cuda-driver --enable-checking=release --build=x86_64-linux-gnu --host=x86_64-linux-gnu --target=x86_64-linux-gnu --with-build-config=bootstrap-lto-lean --enable-link-serialization=2
Thread model: posix
Supported LTO compression algorithms: zlib zstd
gcc version 11.4.0 (Ubuntu 11.4.0-1ubuntu1~22.04) 
... rest of stderr output deleted ...
configure:4245: $? = 0
configure:4234: g++ -V >&5
g++: error: unrecognized command-line option '-V'
g++: fatal error: no input files
compilation terminated.
configure:4245: $? = 1
configure:4234: g++ -qversion >&5
g++: error: unrecognized command-line option '-qversion'; did you mean '--version'?
g++: fatal error: no input files
compilation terminated.
configure:4245: $? = 1
configure:4249: checking whether the compiler supports GNU C++
configure:4269: g++ -c   conftest.cpp >&5
configure:4269: $? = 0
configure:4279: result: yes
configure:4290: checking whether g++ accepts -g
configure:4311: g++ -c -g  conftest.cpp >&5
configure:4311: $? = 0
configure:4355: result: yes
configure:4375: checking for g++ option to enable C++11 features
configure:4390: g++  -c -g -O2  conftest.cpp >&5
conftest.cpp: In function 'int main(int, char**)':
conftest.cpp:175:25: warning: empty parentheses were disambiguated as a function declaration [-Wvexing-parse]
  175 |   cxx11test::delegate d2();
      |                         ^~
conftest.cpp:175:25: note: remove parentheses to default-initialize a variable
  175 |   cxx11test::delegate d2();
      |                         ^~
      |                         --
conftest.cpp:175:25: note: or replace parentheses with braces to value-initialize a variable
configure:4390: $? = 0
configure:4408: result: none needed
configure:4473: checking for inline
configure:4490: gcc -c -g -O2  conftest.c >&5
configure:4490: $? = 0
configure:4499: result: inline
configure:4534: checking for a BSD-compatible install
configure:4607: result: /usr/bin/install -c
configure:4618: checking whether build environment is sane
configure:4673: result: yes
configure:4828: checking for a race-free mkdir -p
configure:4872: result: /usr/bin/mkdir -p
configure:4879: checking for gawk
configure:4914: result: no
configure:4879: checking for mawk
configure:4900: found /usr/bin/mawk
configure:4911: result: mawk
configure:4922: checking whether make sets $(MAKE)
configure:4945: result: yes
configure:4967: checking whether make supports the include directive
configure:4982: make -f confmf.GNU && cat confinc.out
this is the am__doit target
configure:4985: $? = 0
configure:5004: result: yes (GNU style)
configure:5039: checking whether make supports nested variables
configure:5057: result: yes
configure:5138: checking dependency style of gcc
configure:5250: result: gcc3
configure:5267: checking dependency style of g++
configure:5379: result: gcc3
configure:5483: checking build system type
configure:5498: result: x86_64-pc-linux-gnu
configure:5518: checking host system type
configure:5532: result: x86_64-pc-linux-gnu
configure:5573: checking how to print strings
configure:5600: result: printf
configure:5621: checking for a sed that does not truncate output
configure:5691: result: /usr/bin/sed
configure:5709: checking for grep that handles long lines and -e
configure:5773: result: /usr/bin/grep
configure:5778: checking for egrep
configure:5846: result: /usr/bin/grep -E
configure:5851: checking for fgrep
configure:5919: result: /usr/bin/grep -F
configure:5955: checking for ld used by gcc
configure:6023: result: /usr/bin/ld
configure:6030: checking if the linker (/usr/bin/ld) is GNU ld
configure:6046: result: yes
configure:6058: checking for BSD- or MS-compatible name lister (nm)
configure:6113: result: /usr/bin/nm -B
configure:6253: checking the name lister (/usr/bin/nm -B) interface
configure:6261: gcc -c -g -O2  conftest.c >&5
configure:6264: /usr/bin/nm -B "conftest.o"
configure:6267: output
0000000000000000 B some_variable
configure:6274: result: BSD nm
configure:6277: checking whether ln -s works
configure:6281: result: yes
configure:6289: checking the maximum length of command line arguments
configure:6421: result: 1572864
configure:6469: checking how to convert x86_64-pc-linux-gnu file names to x86_64-pc-linux-gnu format
configure:6510: result: func_convert_file_noop
configure:6517: checking how to convert x86_64-pc-linux-gnu file names to toolchain format
configure:6538: result: func_convert_file_noop
configure:6545: checking for /usr/bin/ld option to reload object files
configure:6553: result: -r
configure:6632: checking for objdump
configure:6653: found /usr/bin/objdump
configure:6664: result: objdump
configure:6696: checking how to recognize dependent libraries
configure:6897: result: pass_all
configure:6987: checking for dlltool
configure:7022: result: no
configure:7052: checking how to associate runtime and link libraries
configure:7080: result: printf %s\n
configure:7145: checking for ar
configure:7166: found /usr/bin/ar
configure:7177: result: ar
configure:7214: checking for archiver @FILE support
configure:7232: gcc -c -g -O2  conftest.c >&5
configure:7232: $? = 0
configure:7236: ar cr libconftest.a @conftest.lst >&5
configure:7239: $? = 0
configure:7244: ar cr libconftest.a @conftest.lst >&5
ar: conftest.o: No such file or directory
configure:7247: $? = 1
configure:7259: result: @
configure:7322: checking for strip
configure:7343: found /usr/bin/strip
configure:7354: result: strip
configure:7431: checking for ranlib
configure:7452: found /usr/bin/ranlib
configure:7463: result: ranlib
configure:7565: checking command to parse /usr/bin/nm -B output from gcc object
configure:7719: gcc -c -g -O2  conftest.c >&5
configure:7722: $? = 0
configure:7726: /usr/bin/nm -B conftest.o | sed -n -e 's/^.*[	 ]\([ABCDGIRSTW][ABCDGIRSTW]*\)[	 ][	 ]*\([_A-Za-z][_A-Za-z0-9]*\)$/\1 \2 \2/p' | sed '/ __gnu_lto/d' > conftest.nm
configure:7792: gcc -o conftest -g -O2   conftest.c conftstm.o >&5
configure:7795: $? = 0
configure:7833: result: ok
configure:7880: checking for sysroot
configure:7911: result: no
configure:7918: checking for a working dd
configure:7962: result: /usr/bin/dd
configure:7966: checking how to truncate binary pipes
configure:7982: result: /usr/bin/dd bs=4096 count=1
configure:8119: gcc -c -g -O2  conftest.c >&5
configure:8122: $? = 0
configure:8319: checking for mt
configure:8340: found /usr/bin/mt
configure:8351: result: mt
configure:8374: checking if mt is a manifest tool
configure:8381: mt '-?'
configure:8389: result: no
configure:9119: checking for stdio.h
configure:9119: gcc -c -g -O2  conftest.c >&5
configure:9119: $? = 0
configure:9119: result: yes
configure:9119: checking for stdlib.h
configure:9119: gcc -c -g -O2  conftest.c >&5
configure:9119: $? = 0
configure:9119: result: yes
configure:9119: checking for string.h
configure:9119: gcc -c -g -O2  conftest.c >&5
configure:9119: $? = 0
configure:9119: result: yes
configure:9119: checking for inttypes.h
configure:9119: gcc -c -g -O2  conftest.c >&5
configure:9119: $? = 0
configure:9119: result: yes
configure:9119: checking for stdint.h
configure:9119: gcc -c -g -O2  conftest.c >&5
configure:9119: $? = 0
configure:9119: result: yes
configure:9119: checking for strings.h
configure:9119: gcc -c -g -O2  conftest.c >&5
configure:9119: $? = 0
configure:9119: result: yes
configure:9119: checking for sys/stat.h
configure:9119: gcc -c -g -O2  conftest.c >&5
configure:9119: $? = 0
configure:9119: result: yes
configure:9119: checking for sys/types.h
configure:9119: gcc -c -g -O2  conftest.c >&5
configure:9119: $? = 0
configure:9119: result: yes
configure:9119: checking for unistd.h
configure:9119: gcc -c -g -O2  conftest.c >&5
configure:9119: $? = 0
configure:9119: result: yes
configure:9144: checking for dlfcn.h
configure:9144: gcc -c -g -O2  conftest.c >&5
configure:9144: $? = 0
configure:9144: result: yes
configure:9414: checking for objdir
configure:9430: result: .libs
configure:9694: checking if gcc supports -fno-rtti -fno-exceptions
configure:9713: gcc -c -g -O2  -fno-rtti -fno-exceptions conftest.c >&5
cc1: warning: command-line option '-fno-rtti' is valid for C++/D/ObjC++ but not for C
configure:9717: $? = 0
configure:9730: result: no
configure:10094: checking for gcc option to produce PIC
configure:10102: result: -fPIC -DPIC
configure:10110: checking if gcc PIC flag -fPIC -DPIC works
configure:10129: gcc -c -g -O2  -fPIC -DPIC -DPIC conftest.c >&5
configure:10133: $? = 0
configure:10146: result: yes
configure:10175: checking if gcc static flag -static works
configure:10204: result: yes
configure:10219: checking if gcc supports -c -o file.o
configure:10241: gcc -c -g -O2  -o out/conftest2.o conftest.c >&5
configure:10245: $? = 0
configure:10267: result: yes
configure:10275: checking if gcc supports -c -o file.o
configure:10323: result: yes
configure:10356: checking whether the gcc linker (/usr/bin/ld -m elf_x86_64) supports shared libraries
configure:11626: result: yes
configure:11663: checking whether -lc should be explicitly linked in
configure:11672: gcc -c -g -O2  conftest.c >&5
configure:11675: $? = 0
configure:11690: gcc -shared  -fPIC -DPIC conftest.o  -v -Wl,-soname -Wl,conftest -o conftest 2\>\&1 \| /usr/bin/grep  -lc  \>/dev/null 2\>\&1
configure:11693: $? = 0
configure:11707: result: no
configure:11867: checking dynamic linker characteristics
configure:12449: gcc -o conftest -g -O2   -Wl,-rpath -Wl,/foo conftest.c  >&5
configure:12449: $? = 0
configure:12700: result: GNU/Linux ld.so
configure:12822: checking how to hardcode library paths into programs
configure:12847: result: immediate
configure:13399: checking whether stripping libraries is possible
configure:13404: result: yes
configure:13439: checking if libtool supports shared libraries
configure:13441: result: yes
configure:13444: checking whether to build shared libraries
configure:13469: result: yes
configure:13472: checking whether to build static libraries
configure:13476: result: yes
configure:13499: checking how to run the C++ preprocessor
configure:13521: g++ -E  conftest.cpp
configure:13521: $? = 0
configure:13536: g++ -E  conftest.cpp
conftest.cpp:23:10: fatal error: ac_nonexistent.h: No such file or directory
   23 | #include <ac_nonexistent.h>
      |          ^~~~~~~~~~~~~~~~~~
compilation terminated.
configure:13536: $? = 1
configure: failed program was:
| /* confdefs.h */
| #define PACKAGE_NAME "libusb-1.0"
| #define PACKAGE_TARNAME "libusb-1.0"
| #define PACKAGE_VERSION "1.0.27"
| #define PACKAGE_STRING "libusb-1.0 1.0.27"
| #define PACKAGE_BUGREPORT "libusb-devel@lists.sourceforge.net"
| #define PACKAGE_URL "https://libusb.info"
| #define PACKAGE "libusb-1.0"
| #define VERSION "1.0.27"
| #define HAVE_STDIO_H 1
| #define HAVE_STDLIB_H 1
| #define HAVE_STRING_H 1
| #define HAVE_INTTYPES_H 1
| #define HAVE_STDINT_H 1
| #define HAVE_STRINGS_H 1
| #define HAVE_SYS_STAT_H 1
| #define HAVE_SYS_TYPES_H 1
| #define HAVE_UNISTD_H 1
| #define STDC_HEADERS 1
| #define HAVE_DLFCN_H 1
| #define LT_OBJDIR ".libs/"
| /* end confdefs.h.  */
| #include <ac_nonexistent.h>
configure:13563: result: g++ -E
configure:13577: g++ -E  conftest.cpp
configure:13577: $? = 0
configure:13592: g++ -E  conftest.cpp
conftest.cpp:23:10: fatal error: ac_nonexistent.h: No such file or directory
   23 | #include <ac_nonexistent.h>
      |          ^~~~~~~~~~~~~~~~~~
compilation terminated.
configure:13592: $? = 1
configure: failed program was:
| /* confdefs.h */
| #define PACKAGE_NAME "libusb-1.0"
| #define PACKAGE_TARNAME "libusb-1.0"
| #define PACKAGE_VERSION "1.0.27"
| #define PACKAGE_STRING "libusb-1.0 1.0.27"
| #define PACKAGE_BUGREPORT "libusb-devel@lists.sourceforge.net"
| #define PACKAGE_URL "https://libusb.info"
| #define PACKAGE "libusb-1.0"
| #define VERSION "1.0.27"
| #define HAVE_STDIO_H 1
| #define HAVE_STDLIB_H 1
| #define HAVE_STRING_H 1
| #define HAVE_INTTYPES_H 1
| #define HAVE_STDINT_H 1
| #define HAVE_STRINGS_H 1
| #define HAVE_SYS_STAT_H 1
| #define HAVE_SYS_TYPES_H 1
| #define HAVE_UNISTD_H 1
| #define STDC_HEADERS 1
| #define HAVE_DLFCN_H 1
| #define LT_OBJDIR ".libs/"
| /* end confdefs.h.  */
| #include <ac_nonexistent.h>
configure:13757: checking for ld used by g++
configure:13825: result: /usr/bin/ld -m elf_x86_64
configure:13832: checking if the linker (/usr/bin/ld -m elf_x86_64) is GNU ld
configure:13848: result: yes
configure:13903: checking whether the g++ linker (/usr/bin/ld -m elf_x86_64) supports shared libraries
configure:14980: result: yes
configure:15016: g++ -c -g -O2  conftest.cpp >&5
configure:15019: $? = 0
configure:15500: checking for g++ option to produce PIC
configure:15508: result: -fPIC -DPIC
configure:15516: checking if g++ PIC flag -fPIC -DPIC works
configure:15535: g++ -c -g -O2  -fPIC -DPIC -DPIC conftest.cpp >&5
configure:15539: $? = 0
configure:15552: result: yes
configure:15575: checking if g++ static flag -static works
configure:15604: result: yes
configure:15616: checking if g++ supports -c -o file.o
configure:15638: g++ -c -g -O2  -o out/conftest2.o conftest.cpp >&5
configure:15642: $? = 0
configure:15664: result: yes
configure:15669: checking if g++ supports -c -o file.o
configure:15717: result: yes
configure:15747: checking whether the g++ linker (/usr/bin/ld -m elf_x86_64) supports shared libraries
configure:15790: result: yes
configure:15932: checking dynamic linker characteristics
configure:16692: result: GNU/Linux ld.so
configure:16757: checking how to hardcode library paths into programs
configure:16782: result: immediate
configure:16891: checking for windres
configure:16926: result: no
configure:17041: checking whether make supports nested variables
configure:17059: result: yes
configure:17076: checking if gcc supports -std=gnu11
configure:17089: gcc -c -std=gnu11  conftest.c >&5
configure:17089: $? = 0
configure:17091: result: yes
configure:17141: checking operating system
configure:17176: result: Linux
configure:17233: checking for nfds_t
configure:17233: gcc -c -g -O2  conftest.c >&5
configure:17233: $? = 0
configure:17233: gcc -c -g -O2  conftest.c >&5
conftest.c: In function 'main':
conftest.c:32:21: error: expected expression before ')' token
   32 | if (sizeof ((nfds_t)))
      |                     ^
configure:17233: $? = 1
configure: failed program was:
| /* confdefs.h */
| #define PACKAGE_NAME "libusb-1.0"
| #define PACKAGE_TARNAME "libusb-1.0"
| #define PACKAGE_VERSION "1.0.27"
| #define PACKAGE_STRING "libusb-1.0 1.0.27"
| #define PACKAGE_BUGREPORT "libusb-devel@lists.sourceforge.net"
| #define PACKAGE_URL "https://libusb.info"
| #define PACKAGE "libusb-1.0"
| #define VERSION "1.0.27"
| #define HAVE_STDIO_H 1
| #define HAVE_STDLIB_H 1
| #define HAVE_STRING_H 1
| #define HAVE_INTTYPES_H 1
| #define HAVE_STDINT_H 1
| #define HAVE_STRINGS_H 1
| #define HAVE_SYS_STAT_H 1
| #define HAVE_SYS_TYPES_H 1
| #define HAVE_UNISTD_H 1
| #define STDC_HEADERS 1
| #define HAVE_DLFCN_H 1
| #define LT_OBJDIR ".libs/"
| #define _GNU_SOURCE 1
| #define DEFAULT_VISIBILITY __attribute__ ((visibility ("default")))
| #define PRINTF_FORMAT(a, b) __attribute__ ((__format__ (__printf__, a, b)))
| #define PLATFORM_POSIX 1
| /* end confdefs.h.  */
| #include <poll.h>
| 
| int
| main (void)
| {
| if (sizeof ((nfds_t)))
| 	    return 0;
|   ;
|   return 0;
| }
configure:17233: result: yes
configure:17246: checking for pipe2
configure:17246: gcc -o conftest -g -O2   conftest.c  >&5
configure:17246: $? = 0
configure:17246: result: yes
configure:17256: checking if gcc recognizes -pthread
configure:17269: gcc -c -Wall -Werror -pthread  conftest.c >&5
configure:17269: $? = 0
configure:17271: result: yes
configure:17281: checking for library containing pthread_create
configure:17311: gcc -o conftest -g -O2   conftest.c  >&5
configure:17311: $? = 0
configure:17331: result: none required
configure:17341: checking whether __atomic_load_n is supported
configure:17355: gcc -o conftest -g -O2   conftest.c  >&5
configure:17355: $? = 0
configure:17363: result: yes
configure:17456: checking for library containing clock_gettime
configure:17486: gcc -o conftest -g -O2   conftest.c  >&5
configure:17486: $? = 0
configure:17506: result: none required
configure:17515: checking for pthread_setname_np
configure:17515: gcc -o conftest -g -O2   conftest.c  >&5
configure:17515: $? = 0
configure:17515: result: yes
configure:17531: checking for libudev.h
configure:17531: gcc -c -g -O2  conftest.c >&5
configure:17531: $? = 0
configure:17531: result: yes
configure:17539: checking for udev_new in -ludev
configure:17562: gcc -o conftest -g -O2   conftest.c -ludev   >&5
configure:17562: $? = 0
configure:17572: result: yes
configure:17642: checking for sys/time.h
configure:17642: gcc -c -g -O2  conftest.c >&5
configure:17642: $? = 0
configure:17642: result: yes
configure:17654: checking for clock_gettime
configure:17654: gcc -o conftest -g -O2   conftest.c -ludev  >&5
configure:17654: $? = 0
configure:17654: result: yes
configure:17666: checking for gcc options needed to detect all undeclared functions
configure:17688: gcc -c -g -O2   conftest.c >&5
conftest.c: In function 'main':
conftest.c:37:8: error: 'strchr' undeclared (first use in this function)
   37 | (void) strchr;
      |        ^~~~~~
conftest.c:1:1: note: 'strchr' is defined in header '<string.h>'; did you forget to '#include <string.h>'?
    1 | /* confdefs.h */
conftest.c:37:8: note: each undeclared identifier is reported only once for each function it appears in
   37 | (void) strchr;
      |        ^~~~~~
configure:17688: $? = 1
configure: failed program was:
| /* confdefs.h */
| #define PACKAGE_NAME "libusb-1.0"
| #define PACKAGE_TARNAME "libusb-1.0"
| #define PACKAGE_VERSION "1.0.27"
| #define PACKAGE_STRING "libusb-1.0 1.0.27"
| #define PACKAGE_BUGREPORT "libusb-devel@lists.sourceforge.net"
| #define PACKAGE_URL "https://libusb.info"
| #define PACKAGE "libusb-1.0"
| #define VERSION "1.0.27"
| #define HAVE_STDIO_H 1
| #define HAVE_STDLIB_H 1
| #define HAVE_STRING_H 1
| #define HAVE_INTTYPES_H 1
| #define HAVE_STDINT_H 1
| #define HAVE_STRINGS_H 1
| #define HAVE_SYS_STAT_H 1
| #define HAVE_SYS_TYPES_H 1
| #define HAVE_UNISTD_H 1
| #define STDC_HEADERS 1
| #define HAVE_DLFCN_H 1
| #define LT_OBJDIR ".libs/"
| #define _GNU_SOURCE 1
| #define DEFAULT_VISIBILITY __attribute__ ((visibility ("default")))
| #define PRINTF_FORMAT(a, b) __attribute__ ((__format__ (__printf__, a, b)))
| #define PLATFORM_POSIX 1
| #define HAVE_NFDS_T 1
| #define HAVE_PIPE2 1
| #define HAVE_PTHREAD_SETNAME_NP 1
| #define HAVE_LIBUDEV 1
| #define HAVE_SYS_TIME_H 1
| #define HAVE_CLOCK_GETTIME 1
| /* end confdefs.h.  */
| 
| int
| main (void)
| {
| (void) strchr;
|   ;
|   return 0;
| }
configure:17715: gcc -c -g -O2   conftest.c >&5
configure:17715: $? = 0
configure:17732: result: none needed
configure:17746: checking whether CLOCK_MONOTONIC is declared
configure:17746: gcc -c -g -O2   conftest.c >&5
configure:17746: $? = 0
configure:17746: result: yes
configure:17757: checking for pthread_condattr_setclock
configure:17757: gcc -o conftest -g -O2   conftest.c -ludev  >&5
configure:17757: $? = 0
configure:17757: result: yes
configure:17790: checking for sys/eventfd.h
configure:17790: gcc -c -g -O2  conftest.c >&5
configure:17790: $? = 0
configure:17790: result: yes
configure:17799: checking whether EFD_NONBLOCK is declared
configure:17799: gcc -c -g -O2   conftest.c >&5
configure:17799: $? = 0
configure:17799: result: yes
configure:17814: checking whether EFD_CLOEXEC is declared
configure:17814: gcc -c -g -O2   conftest.c >&5
configure:17814: $? = 0
configure:17814: result: yes
configure:17831: checking for eventfd
configure:17831: gcc -o conftest -g -O2   conftest.c -ludev  >&5
configure:17831: $? = 0
configure:17831: result: yes
configure:17853: checking whether to use eventfd for signalling
configure:17868: result: yes
configure:17883: checking for sys/timerfd.h
configure:17883: gcc -c -g -O2  conftest.c >&5
configure:17883: $? = 0
configure:17883: result: yes
configure:17892: checking whether TFD_NONBLOCK is declared
configure:17892: gcc -c -g -O2   conftest.c >&5
configure:17892: $? = 0
configure:17892: result: yes
configure:17907: checking whether TFD_CLOEXEC is declared
configure:17907: gcc -c -g -O2   conftest.c >&5
configure:17907: $? = 0
configure:17907: result: yes
configure:17924: checking for timerfd_create
configure:17924: gcc -o conftest -g -O2   conftest.c -ludev  >&5
configure:17924: $? = 0
configure:17924: result: yes
configure:17946: checking whether to use timerfd for timing
configure:17961: result: yes
configure:18360: checking that generated files are newer than configure
configure:18366: result: done
configure:18457: creating ./config.status

## ---------------------- ##
## Running config.status. ##
## ---------------------- ##

This file was extended by libusb-1.0 config.status 1.0.27, which was
generated by GNU Autoconf 2.71.  Invocation command line was

  CONFIG_FILES    = 
  CONFIG_HEADERS  = 
  CONFIG_LINKS    = 
  CONFIG_COMMANDS = 
  $ ./config.status 

on sony

config.status:1262: creating libusb-1.0.pc
config.status:1262: creating Makefile
config.status:1262: creating libusb/Makefile
config.status:1262: creating examples/Makefile
config.status:1262: creating tests/Makefile
config.status:1262: creating doc/Makefile
config.status:1262: creating doc/doxygen.cfg
config.status:1262: creating config.h
config.status:1491: executing depfiles commands
config.status:1568: cd libusb       && sed -e '/# am--include-marker/d' Makefile         | make -f - am--depfiles
config.status:1573: $? = 0
config.status:1568: cd examples       && sed -e '/# am--include-marker/d' Makefile         | make -f - am--depfiles
config.status:1573: $? = 0
config.status:1568: cd tests       && sed -e '/# am--include-marker/d' Makefile         | make -f - am--depfiles
config.status:1573: $? = 0
config.status:1491: executing libtool commands

## ---------------- ##
## Cache variables. ##
## ---------------- ##

ac_cv_build=x86_64-pc-linux-gnu
ac_cv_c_compiler_gnu=yes
ac_cv_c_inline=inline
ac_cv_c_undeclared_builtin_options='none needed'
ac_cv_cxx_compiler_gnu=yes
ac_cv_env_CCC_set=
ac_cv_env_CCC_value=
ac_cv_env_CC_set=
ac_cv_env_CC_value=
ac_cv_env_CFLAGS_set=
ac_cv_env_CFLAGS_value=
ac_cv_env_CPPFLAGS_set=
ac_cv_env_CPPFLAGS_value=
ac_cv_env_CXXCPP_set=
ac_cv_env_CXXCPP_value=
ac_cv_env_CXXFLAGS_set=
ac_cv_env_CXXFLAGS_value=
ac_cv_env_CXX_set=
ac_cv_env_CXX_value=
ac_cv_env_LDFLAGS_set=
ac_cv_env_LDFLAGS_value=
ac_cv_env_LIBS_set=
ac_cv_env_LIBS_value=
ac_cv_env_LT_SYS_LIBRARY_PATH_set=
ac_cv_env_LT_SYS_LIBRARY_PATH_value=
ac_cv_env_build_alias_set=
ac_cv_env_build_alias_value=
ac_cv_env_host_alias_set=
ac_cv_env_host_alias_value=
ac_cv_env_target_alias_set=
ac_cv_env_target_alias_value=
ac_cv_func_clock_gettime=yes
ac_cv_func_eventfd=yes
ac_cv_func_pipe2=yes
ac_cv_func_pthread_condattr_setclock=yes
ac_cv_func_pthread_setname_np=yes
ac_cv_func_timerfd_create=yes
ac_cv_have_decl_CLOCK_MONOTONIC=yes
ac_cv_have_decl_EFD_CLOEXEC=yes
ac_cv_have_decl_EFD_NONBLOCK=yes
ac_cv_have_decl_TFD_CLOEXEC=yes
ac_cv_have_decl_TFD_NONBLOCK=yes
ac_cv_header_dlfcn_h=yes
ac_cv_header_inttypes_h=yes
ac_cv_header_libudev_h=yes
ac_cv_header_stdint_h=yes
ac_cv_header_stdio_h=yes
ac_cv_header_stdlib_h=yes
ac_cv_header_string_h=yes
ac_cv_header_strings_h=yes
ac_cv_header_sys_eventfd_h=yes
ac_cv_header_sys_stat_h=yes
ac_cv_header_sys_time_h=yes
ac_cv_header_sys_timerfd_h=yes
ac_cv_header_sys_types_h=yes
ac_cv_header_unistd_h=yes
ac_cv_host=x86_64-pc-linux-gnu
ac_cv_lib_udev_udev_new=yes
ac_cv_objext=o
ac_cv_path_EGREP='/usr/bin/grep -E'
ac_cv_path_FGREP='/usr/bin/grep -F'
ac_cv_path_GREP=/usr/bin/grep
ac_cv_path_SED=/usr/bin/sed
ac_cv_path_install='/usr/bin/install -c'
ac_cv_path_lt_DD=/usr/bin/dd
ac_cv_path_mkdir=/usr/bin/mkdir
ac_cv_prog_AWK=mawk
ac_cv_prog_CXXCPP='g++ -E'
ac_cv_prog_ac_ct_AR=ar
ac_cv_prog_ac_ct_CC=gcc
ac_cv_prog_ac_ct_CXX=g++
ac_cv_prog_ac_ct_MANIFEST_TOOL=mt
ac_cv_prog_ac_ct_OBJDUMP=objdump
ac_cv_prog_ac_ct_RANLIB=ranlib
ac_cv_prog_ac_ct_STRIP=strip
ac_cv_prog_cc_c11=
ac_cv_prog_cc_g=yes
ac_cv_prog_cc_stdc=
ac_cv_prog_cxx_11=no
ac_cv_prog_cxx_cxx11=
ac_cv_prog_cxx_g=yes
ac_cv_prog_cxx_stdcxx=
ac_cv_prog_make_make_set=yes
ac_cv_search_clock_gettime='none required'
ac_cv_search_pthread_create='none required'
ac_cv_type_nfds_t=yes
am_cv_CC_dependencies_compiler_type=gcc3
am_cv_CXX_dependencies_compiler_type=gcc3
am_cv_make_support_nested_variables=yes
am_cv_prog_cc_c_o=yes
lt_cv_ar_at_file=@
lt_cv_archive_cmds_need_lc=no
lt_cv_deplibs_check_method=pass_all
lt_cv_file_magic_cmd='$MAGIC_CMD'
lt_cv_file_magic_test_file=
lt_cv_ld_reload_flag=-r
lt_cv_nm_interface='BSD nm'
lt_cv_objdir=.libs
lt_cv_path_LD=/usr/bin/ld
lt_cv_path_LDCXX='/usr/bin/ld -m elf_x86_64'
lt_cv_path_NM='/usr/bin/nm -B'
lt_cv_path_mainfest_tool=no
lt_cv_prog_compiler_c_o=yes
lt_cv_prog_compiler_c_o_CXX=yes
lt_cv_prog_compiler_c_o_RC=yes
lt_cv_prog_compiler_pic='-fPIC -DPIC'
lt_cv_prog_compiler_pic_CXX='-fPIC -DPIC'
lt_cv_prog_compiler_pic_works=yes
lt_cv_prog_compiler_pic_works_CXX=yes
lt_cv_prog_compiler_rtti_exceptions=no
lt_cv_prog_compiler_static_works=yes
lt_cv_prog_compiler_static_works_CXX=yes
lt_cv_prog_gnu_ld=yes
lt_cv_prog_gnu_ldcxx=yes
lt_cv_sharedlib_from_linklib_cmd='printf %s\n'
lt_cv_shlibpath_overrides_runpath=yes
lt_cv_sys_global_symbol_pipe='sed -n -e '\''s/^.*[	 ]\([ABCDGIRSTW][ABCDGIRSTW]*\)[	 ][	 ]*\([_A-Za-z][_A-Za-z0-9]*\)$/\1 \2 \2/p'\'' | sed '\''/ __gnu_lto/d'\'''
lt_cv_sys_global_symbol_to_c_name_address='sed -n -e '\''s/^: \(.*\) .*$/  {"\1", (void *) 0},/p'\'' -e '\''s/^[ABCDGIRSTW][ABCDGIRSTW]* .* \(.*\)$/  {"\1", (void *) \&\1},/p'\'''
lt_cv_sys_global_symbol_to_c_name_address_lib_prefix='sed -n -e '\''s/^: \(.*\) .*$/  {"\1", (void *) 0},/p'\'' -e '\''s/^[ABCDGIRSTW][ABCDGIRSTW]* .* \(lib.*\)$/  {"\1", (void *) \&\1},/p'\'' -e '\''s/^[ABCDGIRSTW][ABCDGIRSTW]* .* \(.*\)$/  {"lib\1", (void *) \&\1},/p'\'''
lt_cv_sys_global_symbol_to_cdecl='sed -n -e '\''s/^T .* \(.*\)$/extern int \1();/p'\'' -e '\''s/^[ABCDGIRSTW][ABCDGIRSTW]* .* \(.*\)$/extern char \1;/p'\'''
lt_cv_sys_global_symbol_to_import=
lt_cv_sys_max_cmd_len=1572864
lt_cv_to_host_file_cmd=func_convert_file_noop
lt_cv_to_tool_file_cmd=func_convert_file_noop
lt_cv_truncate_bin='/usr/bin/dd bs=4096 count=1'

## ----------------- ##
## Output variables. ##
## ----------------- ##

ACLOCAL='${SHELL} '\''/home/koki/Desktop/Linux-SDK-Official/libusb/missing'\'' aclocal-1.16'
AMDEPBACKSLASH='\'
AMDEP_FALSE='#'
AMDEP_TRUE=''
AMTAR='$${TAR-tar}'
AM_BACKSLASH='\'
AM_CFLAGS='-std=gnu11  -Wall -Wextra -Wshadow -Wunused -Wwrite-strings -Werror=format-security -Werror=implicit-function-declaration -Werror=implicit-int -Werror=init-self -Werror=missing-prototypes -Werror=strict-prototypes -Werror=undef -Werror=uninitialized'
AM_CPPFLAGS=''
AM_CXXFLAGS='-std=gnu++11  -Wall -Wextra -Wshadow -Wunused -Wwrite-strings -Werror=format-security -Werror=implicit-function-declaration -Werror=implicit-int -Werror=init-self -Werror=missing-prototypes -Werror=strict-prototypes -Werror=undef -Werror=uninitialized -Wmissing-declarations'
AM_DEFAULT_V='$(AM_DEFAULT_VERBOSITY)'
AM_DEFAULT_VERBOSITY='0'
AM_LDFLAGS=''
AM_V='$(V)'
AR='ar'
AUTOCONF='${SHELL} '\''/home/koki/Desktop/Linux-SDK-Official/libusb/missing'\'' autoconf'
AUTOHEADER='${SHELL} '\''/home/koki/Desktop/Linux-SDK-Official/libusb/missing'\'' autoheader'
AUTOMAKE='${SHELL} '\''/home/koki/Desktop/Linux-SDK-Official/libusb/missing'\'' automake-1.16'
AWK='mawk'
BUILD_EXAMPLES_FALSE='#'
BUILD_EXAMPLES_TRUE=''
BUILD_TESTS_FALSE='#'
BUILD_TESTS_TRUE=''
BUILD_UMOCKDEV_TEST_FALSE=''
BUILD_UMOCKDEV_TEST_TRUE='#'
CC='gcc'
CCDEPMODE='depmode=gcc3'
CFLAGS='-g -O2'
CPPFLAGS=''
CREATE_IMPORT_LIB_FALSE=''
CREATE_IMPORT_LIB_TRUE='#'
CSCOPE='cscope'
CTAGS='ctags'
CXX='g++'
CXXCPP='g++ -E'
CXXDEPMODE='depmode=gcc3'
CXXFLAGS='-g -O2'
CYGPATH_W='echo'
DEFS='-DHAVE_CONFIG_H'
DEPDIR='.deps'
DLLTOOL='false'
DOXYGEN_HTMLDIR='api-1.0'
DSYMUTIL=''
DUMPBIN=''
ECHO_C=''
ECHO_N='-n'
ECHO_T=''
EGREP='/usr/bin/grep -E'
ETAGS='etags'
EXEEXT=''
EXTRA_LDFLAGS=''
FGREP='/usr/bin/grep -F'
GREP='/usr/bin/grep'
INSTALL_DATA='${INSTALL} -m 644'
INSTALL_PROGRAM='${INSTALL}'
INSTALL_SCRIPT='${INSTALL}'
INSTALL_STRIP_PROGRAM='$(install_sh) -c -s'
LD='/usr/bin/ld -m elf_x86_64'
LDFLAGS=''
LIBOBJS=''
LIBS='-ludev '
LIBTOOL='$(SHELL) $(top_builddir)/libtool'
LIPO=''
LN_S='ln -s'
LTLIBOBJS=''
LT_LDFLAGS='-version-info 4:0:4 -no-undefined'
LT_SYS_LIBRARY_PATH=''
MAKEINFO='${SHELL} '\''/home/koki/Desktop/Linux-SDK-Official/libusb/missing'\'' makeinfo'
MANIFEST_TOOL=':'
MKDIR_P='/usr/bin/mkdir -p'
NM='/usr/bin/nm -B'
NMEDIT=''
OBJDUMP='objdump'
OBJEXT='o'
OS_DARWIN_FALSE=''
OS_DARWIN_TRUE='#'
OS_EMSCRIPTEN_FALSE=''
OS_EMSCRIPTEN_TRUE='#'
OS_HAIKU_FALSE=''
OS_HAIKU_TRUE='#'
OS_LINUX_FALSE='#'
OS_LINUX_TRUE=''
OS_NETBSD_FALSE=''
OS_NETBSD_TRUE='#'
OS_NULL_FALSE=''
OS_NULL_TRUE='#'
OS_OPENBSD_FALSE=''
OS_OPENBSD_TRUE='#'
OS_SUNOS_FALSE=''
OS_SUNOS_TRUE='#'
OS_WINDOWS_FALSE=''
OS_WINDOWS_TRUE='#'
OTOOL64=''
OTOOL=''
PACKAGE='libusb-1.0'
PACKAGE_BUGREPORT='libusb-devel@lists.sourceforge.net'
PACKAGE_NAME='libusb-1.0'
PACKAGE_STRING='libusb-1.0 1.0.27'
PACKAGE_TARNAME='libusb-1.0'
PACKAGE_URL='https://libusb.info'
PACKAGE_VERSION='1.0.27'
PATH_SEPARATOR=':'
PLATFORM_POSIX_FALSE='#'
PLATFORM_POSIX_TRUE=''
PLATFORM_WINDOWS_FALSE=''
PLATFORM_WINDOWS_TRUE='#'
RANLIB='ranlib'
RC=''
SED='/usr/bin/sed'
SET_MAKE=''
SHELL='/bin/bash'
STRIP='strip'
THREAD_CFLAGS='-pthread'
THREAD_LIBS=''
USE_UDEV_FALSE='#'
USE_UDEV_TRUE=''
VERSION='1.0.27'
ac_ct_AR='ar'
ac_ct_CC='gcc'
ac_ct_CXX='g++'
ac_ct_DUMPBIN=''
am__EXEEXT_FALSE=''
am__EXEEXT_TRUE='#'
am__fastdepCC_FALSE='#'
am__fastdepCC_TRUE=''
am__fastdepCXX_FALSE='#'
am__fastdepCXX_TRUE=''
am__include='include'
am__isrc=''
am__leading_dot='.'
am__nodep='_no'
am__quote=''
am__tar='$${TAR-tar} chof - "$$tardir"'
am__untar='$${TAR-tar} xf -'
bindir='${exec_prefix}/bin'
build='x86_64-pc-linux-gnu'
build_alias=''
build_cpu='x86_64'
build_os='linux-gnu'
build_vendor='pc'
datadir='${datarootdir}'
datarootdir='${prefix}/share'
docdir='${datarootdir}/doc/${PACKAGE_TARNAME}'
dvidir='${docdir}'
exec_prefix='${prefix}'
host='x86_64-pc-linux-gnu'
host_alias=''
host_cpu='x86_64'
host_os='linux-gnu'
host_vendor='pc'
htmldir='${docdir}'
includedir='${prefix}/include'
infodir='${datarootdir}/info'
install_sh='${SHELL} /home/koki/Desktop/Linux-SDK-Official/libusb/install-sh'
libdir='${exec_prefix}/lib'
libexecdir='${exec_prefix}/libexec'
localedir='${datarootdir}/locale'
localstatedir='${prefix}/var'
mandir='${datarootdir}/man'
mkdir_p='$(MKDIR_P)'
oldincludedir='/usr/include'
pdfdir='${docdir}'
prefix='/usr/local'
program_transform_name='s,x,x,'
psdir='${docdir}'
runstatedir='${localstatedir}/run'
sbindir='${exec_prefix}/sbin'
sharedstatedir='${prefix}/com'
sysconfdir='${prefix}/etc'
target_alias=''

## ----------- ##
## confdefs.h. ##
## ----------- ##

/* confdefs.h */
#define PACKAGE_NAME "libusb-1.0"
#define PACKAGE_TARNAME "libusb-1.0"
#define PACKAGE_VERSION "1.0.27"
#define PACKAGE_STRING "libusb-1.0 1.0.27"
#define PACKAGE_BUGREPORT "libusb-devel@lists.sourceforge.net"
#define PACKAGE_URL "https://libusb.info"
#define PACKAGE "libusb-1.0"
#define VERSION "1.0.27"
#define HAVE_STDIO_H 1
#define HAVE_STDLIB_H 1
#define HAVE_STRING_H 1
#define HAVE_INTTYPES_H 1
#define HAVE_STDINT_H 1
#define HAVE_STRINGS_H 1
#define HAVE_SYS_STAT_H 1
#define HAVE_SYS_TYPES_H 1
#define HAVE_UNISTD_H 1
#define STDC_HEADERS 1
#define HAVE_DLFCN_H 1
#define LT_OBJDIR ".libs/"
#define _GNU_SOURCE 1
#define DEFAULT_VISIBILITY __attribute__ ((visibility ("default")))
#define PRINTF_FORMAT(a, b) __attribute__ ((__format__ (__printf__, a, b)))
#define PLATFORM_POSIX 1
#define HAVE_NFDS_T 1
#define HAVE_PIPE2 1
#define HAVE_PTHREAD_SETNAME_NP 1
#define HAVE_LIBUDEV 1
#define HAVE_SYS_TIME_H 1
#define HAVE_CLOCK_GETTIME 1
#define HAVE_PTHREAD_CONDATTR_SETCLOCK 1
#define HAVE_DECL_EFD_NONBLOCK 1
#define HAVE_DECL_EFD_CLOEXEC 1
#define HAVE_EVENTFD 1
#define HAVE_DECL_TFD_NONBLOCK 1
#define HAVE_DECL_TFD_CLOEXEC 1
#define HAVE_TIMERFD 1
#define ENABLE_LOGGING 1

configure: exit 0
